<?xml version="1.0" encoding="UTF-8"?>
<testsuite name="DeliveryCardTest" tests="1" skipped="0" failures="0" errors="0" timestamp="2020-01-17T11:28:47" hostname="DESKTOP-NEPLT2O" time="12.385">
  <properties/>
  <testcase name="changeDate()" classname="DeliveryCardTest" time="12.385"/>
  <system-out><![CDATA[]]></system-out>
  <system-err><![CDATA[янв. 17, 2020 3:28:47 PM com.codeborne.selenide.drivercommands.LazyDriver getAndCheckWebDriver
INFO: No webdriver is bound to current thread: 14 - let's create a new webdriver
Starting ChromeDriver 79.0.3945.36 (3582db32b33893869b8c1339e8f4d9ed1816f143-refs/branch-heads/3945@{#614}) on port 32821
Only local connections are allowed.
Please protect ports used by ChromeDriver and related test frameworks to prevent access by malicious code.
[1579260531.854][WARNING]: Timed out connecting to Chrome, retrying...
янв. 17, 2020 3:28:53 PM org.openqa.selenium.remote.ProtocolHandshake createSession
INFO: Detected dialect: W3C
янв. 17, 2020 3:28:53 PM com.codeborne.selenide.webdriver.BrowserResizer adjustBrowserSize
INFO: Set browser size to 1366x768
[1579260535.922][WARNING]: Timed out connecting to Chrome, retrying...
янв. 17, 2020 3:28:58 PM com.codeborne.selenide.webdriver.WebDriverFactory logBrowserVersion
INFO: BrowserName=chrome Version=79.0.3945.117 Platform=WINDOWS
янв. 17, 2020 3:28:58 PM com.codeborne.selenide.webdriver.WebDriverFactory createWebDriver
INFO: Selenide v. 5.3.1
янв. 17, 2020 3:28:58 PM com.codeborne.selenide.webdriver.WebDriverFactory logSeleniumInfo
INFO: Selenium WebDriver v. 3.141.59 build time: 2018-11-14T08:17:03
янв. 17, 2020 3:28:58 PM com.codeborne.selenide.drivercommands.CreateDriverCommand createDriver
INFO: Create webdriver in current thread 14: ChromeDriver -> ChromeDriver: chrome on WINDOWS (4d99bfcb7d7207b859121f52de203daf)
]]></system-err>
</testsuite>
